This is pdfTeX, Version 3.1415926-1.40.10 (TeX Live 2009/Debian) (format=pdflatex 2011.9.14)  15 SEP 2011 09:50
entering extended mode
 %&-line parsing enabled.
**poster.tex
(./poster.tex
LaTeX2e <2009/09/24>
Babel <v3.8l> and hyphenation patterns for english, usenglishmax, dumylang, noh
yphenation, danish, french, basque, ngerman, german, german-x-2009-06-19, ngerm
an-x-2009-06-19, ukenglish, loaded.
(./baposter.cls
Document Class: baposter 2011/09/15 v2.0 baposter class
(/usr/share/texmf-texlive/tex/latex/base/article.cls
Document Class: article 2007/10/19 v1.4h Standard LaTeX document class
(/usr/share/texmf-texlive/tex/latex/base/size10.clo
File: size10.clo 2007/10/19 v1.4h Standard LaTeX file (size option)
)
\c@part=\count79
\c@section=\count80
\c@subsection=\count81
\c@subsubsection=\count82
\c@paragraph=\count83
\c@subparagraph=\count84
\c@figure=\count85
\c@table=\count86
\abovecaptionskip=\skip41
\belowcaptionskip=\skip42
\bibindent=\dimen102
)
baposter: Brian Amberg, 2007, 2008, 2009, 2010, 2011 | http://www.brian-amberg.
de/uni/poster/
baposter: Reinhold Kainhofer, 2011 | http://reinhold.kainhofer.com/
\baposter@basepaperwidth=\skip43
\baposter@basepaperheight=\skip44
\baposter@basemargin=\skip45
\baposter@finalpaperwidth=\skip46
\baposter@finalpaperheight=\skip47
\baposter@finalmargin=\skip48
\headerheight=\skip49
\colwidth=\skip50
\colheight=\skip51
\baposter@@colspacing=\skip52
\baposter@box@@cornerradius=\skip53
\baposter@box@@boxheaderheight=\skip54
\baposter@box@@boxpadding=\skip55
\boxstartx=\skip56
\boxstarty=\skip57
\boxwidth=\skip58
\boxheight=\skip59
\baposter@titleimage@left@width=\skip60
\baposter@titleimage@right@width=\skip61
\baposter@titleimage@textwidth=\skip62
\baposter@box@content=\box26
\baposter@titleimage@left=\box27
\baposter@titleimage@title=\box28
\baposter@titleimage@right=\box29
Use Packages
(/usr/share/texmf-texlive/tex/latex/xkeyval/xkeyval.sty
Package: xkeyval 2008/08/13 v2.6a package option processing (HA)

(/usr/share/texmf-texlive/tex/generic/xkeyval/xkeyval.tex
\XKV@toks=\toks14
\XKV@tempa@toks=\toks15
\XKV@depth=\count87
File: xkeyval.tex 2008/08/13 v2.6a key=value parser (HA)

(/usr/share/texmf-texlive/tex/generic/xkeyval/keyval.tex)))
(/usr/share/texmf-texlive/tex/latex/tools/calc.sty
Package: calc 2007/08/22 v4.3 Infix arithmetic (KKT,FJ)
\calc@Acount=\count88
\calc@Bcount=\count89
\calc@Adimen=\dimen103
\calc@Bdimen=\dimen104
\calc@Askip=\skip63
\calc@Bskip=\skip64
LaTeX Info: Redefining \setlength on input line 76.
LaTeX Info: Redefining \addtolength on input line 77.
\calc@Ccount=\count90
\calc@Cskip=\skip65
)
(/usr/share/texmf/tex/latex/xcolor/xcolor.sty
Package: xcolor 2007/01/21 v2.11 LaTeX color extensions (UK)

(/etc/texmf/tex/latex/config/color.cfg
File: color.cfg 2007/01/18 v1.5 color configuration of teTeX/TeXLive
)
Package xcolor Info: Driver file: pdftex.def on input line 225.

(/usr/share/texmf-texlive/tex/latex/pdftex-def/pdftex.def
File: pdftex.def 2010/03/12 v0.04p Graphics/color for pdfTeX
\Gread@gobject=\count91
)
Package xcolor Info: Model `cmy' substituted by `cmy0' on input line 1337.
Package xcolor Info: Model `hsb' substituted by `rgb' on input line 1341.
Package xcolor Info: Model `RGB' extended on input line 1353.
Package xcolor Info: Model `HTML' substituted by `rgb' on input line 1355.
Package xcolor Info: Model `Hsb' substituted by `hsb' on input line 1356.
Package xcolor Info: Model `tHsb' substituted by `hsb' on input line 1357.
Package xcolor Info: Model `HSB' substituted by `hsb' on input line 1358.
Package xcolor Info: Model `Gray' substituted by `gray' on input line 1359.
Package xcolor Info: Model `wave' substituted by `hsb' on input line 1360.
)
(/usr/share/texmf/tex/latex/pgf/frontendlayer/tikz.sty
(/usr/share/texmf/tex/latex/pgf/basiclayer/pgf.sty
(/usr/share/texmf/tex/latex/pgf/utilities/pgfrcs.sty
(/usr/share/texmf/tex/generic/pgf/utilities/pgfutil-common.tex
\pgfutil@everybye=\toks16
)
(/usr/share/texmf/tex/generic/pgf/utilities/pgfutil-latex.def)
(/usr/share/texmf/tex/generic/pgf/utilities/pgfrcs.code.tex
Package: pgfrcs 2008/02/20 v2.00 (rcs-revision 1.21)
))
Package: pgf 2008/01/15 v2.00 (rcs-revision 1.12)

(/usr/share/texmf/tex/latex/pgf/basiclayer/pgfcore.sty
(/usr/share/texmf-texlive/tex/latex/graphics/graphicx.sty
Package: graphicx 1999/02/16 v1.0f Enhanced LaTeX Graphics (DPC,SPQR)

(/usr/share/texmf-texlive/tex/latex/graphics/graphics.sty
Package: graphics 2009/02/05 v1.0o Standard LaTeX Graphics (DPC,SPQR)

(/usr/share/texmf-texlive/tex/latex/graphics/trig.sty
Package: trig 1999/03/16 v1.09 sin cos tan (DPC)
)
(/etc/texmf/tex/latex/config/graphics.cfg
File: graphics.cfg 2009/08/28 v1.8 graphics configuration of TeX Live
)
Package graphics Info: Driver file: pdftex.def on input line 91.
)
\Gin@req@height=\dimen105
\Gin@req@width=\dimen106
)
(/usr/share/texmf/tex/latex/pgf/systemlayer/pgfsys.sty
(/usr/share/texmf/tex/generic/pgf/systemlayer/pgfsys.code.tex
Package: pgfsys 2008/02/07 v2.00 (rcs-revision 1.31)

(/usr/share/texmf/tex/generic/pgf/utilities/pgfkeys.code.tex
\pgfkeys@pathtoks=\toks17
\pgfkeys@temptoks=\toks18
)
\pgf@x=\dimen107
\pgf@y=\dimen108
\pgf@xa=\dimen109
\pgf@ya=\dimen110
\pgf@xb=\dimen111
\pgf@yb=\dimen112
\pgf@xc=\dimen113
\pgf@yc=\dimen114
\c@pgf@counta=\count92
\c@pgf@countb=\count93
\c@pgf@countc=\count94
\c@pgf@countd=\count95

(/usr/share/texmf/tex/generic/pgf/systemlayer/pgf.cfg
File: pgf.cfg 2008/01/13  (rcs-revision 1.6)
)
Package pgfsys Info: Driver file for pgf: pgfsys-pdftex.def on input line 885.

(/usr/share/texmf/tex/generic/pgf/systemlayer/pgfsys-pdftex.def
File: pgfsys-pdftex.def 2007/12/20  (rcs-revision 1.20)

(/usr/share/texmf/tex/generic/pgf/systemlayer/pgfsys-common-pdf.def
File: pgfsys-common-pdf.def 2007/12/17  (rcs-revision 1.8)
)))
(/usr/share/texmf/tex/generic/pgf/systemlayer/pgfsyssoftpath.code.tex
File: pgfsyssoftpath.code.tex 2008/01/23  (rcs-revision 1.6)
\pgfsyssoftpath@smallbuffer@items=\count96
\pgfsyssoftpath@bigbuffer@items=\count97
)
(/usr/share/texmf/tex/generic/pgf/systemlayer/pgfsysprotocol.code.tex
File: pgfsysprotocol.code.tex 2006/10/16  (rcs-revision 1.4)
))
(/usr/share/texmf/tex/generic/pgf/basiclayer/pgfcore.code.tex
Package: pgfcore 2008/01/15 v2.00 (rcs-revision 1.6)

(/usr/share/texmf/tex/generic/pgf/math/pgfmath.code.tex
(/usr/share/texmf/tex/generic/pgf/math/pgfmathcalc.code.tex
(/usr/share/texmf/tex/generic/pgf/math/pgfmathutil.code.tex
\pgfmath@box=\box30
)
(/usr/share/texmf/tex/generic/pgf/math/pgfmathparser.code.tex
\pgfmath@stack=\toks19
\c@pgfmath@parsecounta=\count98
\c@pgfmath@parsecountb=\count99
\c@pgfmath@parsecountc=\count100
\pgfmath@parsex=\dimen115
)
(/usr/share/texmf/tex/generic/pgf/math/pgfmathoperations.code.tex
(/usr/share/texmf/tex/generic/pgf/math/pgfmathtrig.code.tex)
(/usr/share/texmf/tex/generic/pgf/math/pgfmathrnd.code.tex))
(/usr/share/texmf/tex/generic/pgf/math/pgfmathbase.code.tex)))
(/usr/share/texmf/tex/generic/pgf/basiclayer/pgfcorepoints.code.tex
File: pgfcorepoints.code.tex 2008/02/03  (rcs-revision 1.13)
\pgf@picminx=\dimen116
\pgf@picmaxx=\dimen117
\pgf@picminy=\dimen118
\pgf@picmaxy=\dimen119
\pgf@pathminx=\dimen120
\pgf@pathmaxx=\dimen121
\pgf@pathminy=\dimen122
\pgf@pathmaxy=\dimen123
\pgf@xx=\dimen124
\pgf@xy=\dimen125
\pgf@yx=\dimen126
\pgf@yy=\dimen127
\pgf@zx=\dimen128
\pgf@zy=\dimen129
)
(/usr/share/texmf/tex/generic/pgf/basiclayer/pgfcorepathconstruct.code.tex
File: pgfcorepathconstruct.code.tex 2008/02/13  (rcs-revision 1.14)
\pgf@path@lastx=\dimen130
\pgf@path@lasty=\dimen131
)
(/usr/share/texmf/tex/generic/pgf/basiclayer/pgfcorepathusage.code.tex
File: pgfcorepathusage.code.tex 2008/01/23  (rcs-revision 1.11)
\pgf@shorten@end@additional=\dimen132
\pgf@shorten@start@additional=\dimen133
)
(/usr/share/texmf/tex/generic/pgf/basiclayer/pgfcorescopes.code.tex
File: pgfcorescopes.code.tex 2008/01/15  (rcs-revision 1.26)
\pgfpic=\box31
\pgf@hbox=\box32
\pgf@layerbox@main=\box33
\pgf@picture@serial@count=\count101
)
(/usr/share/texmf/tex/generic/pgf/basiclayer/pgfcoregraphicstate.code.tex
File: pgfcoregraphicstate.code.tex 2007/12/12  (rcs-revision 1.8)
\pgflinewidth=\dimen134
)
(/usr/share/texmf/tex/generic/pgf/basiclayer/pgfcoretransformations.code.tex
File: pgfcoretransformations.code.tex 2008/02/04  (rcs-revision 1.10)
\pgf@pt@x=\dimen135
\pgf@pt@y=\dimen136
\pgf@pt@temp=\dimen137
)
(/usr/share/texmf/tex/generic/pgf/basiclayer/pgfcorequick.code.tex
File: pgfcorequick.code.tex 2006/10/11  (rcs-revision 1.2)
)
(/usr/share/texmf/tex/generic/pgf/basiclayer/pgfcoreobjects.code.tex
File: pgfcoreobjects.code.tex 2006/10/11  (rcs-revision 1.2)
)
(/usr/share/texmf/tex/generic/pgf/basiclayer/pgfcorepathprocessing.code.tex
File: pgfcorepathprocessing.code.tex 2008/01/23  (rcs-revision 1.7)
)
(/usr/share/texmf/tex/generic/pgf/basiclayer/pgfcorearrows.code.tex
File: pgfcorearrows.code.tex 2007/06/07  (rcs-revision 1.8)
)
(/usr/share/texmf/tex/generic/pgf/basiclayer/pgfcoreshade.code.tex
File: pgfcoreshade.code.tex 2007/12/10  (rcs-revision 1.9)
\pgf@max=\dimen138
\pgf@sys@shading@range@num=\count102
)
(/usr/share/texmf/tex/generic/pgf/basiclayer/pgfcoreimage.code.tex
File: pgfcoreimage.code.tex 2008/01/15  (rcs-revision 1.1)
\pgfexternal@startupbox=\box34
)
(/usr/share/texmf/tex/generic/pgf/basiclayer/pgfcorelayers.code.tex
File: pgfcorelayers.code.tex 2008/01/15  (rcs-revision 1.1)
)
(/usr/share/texmf/tex/generic/pgf/basiclayer/pgfcoretransparency.code.tex
File: pgfcoretransparency.code.tex 2008/01/17  (rcs-revision 1.2)
)
(/usr/share/texmf/tex/generic/pgf/basiclayer/pgfcorepatterns.code.tex
File: pgfcorepatterns.code.tex 2008/01/15  (rcs-revision 1.1)
)))
(/usr/share/texmf/tex/generic/pgf/modules/pgfmoduleshapes.code.tex
File: pgfmoduleshapes.code.tex 2008/02/13  (rcs-revision 1.4)
\pgfnodeparttextbox=\box35
\toks@savedmacro=\toks20
)
(/usr/share/texmf/tex/generic/pgf/modules/pgfmoduleplot.code.tex
File: pgfmoduleplot.code.tex 2008/01/15  (rcs-revision 1.1)
\pgf@plotwrite=\write3
)
(/usr/share/texmf/tex/latex/pgf/compatibility/pgfcomp-version-0-65.sty
Package: pgfcomp-version-0-65 2007/07/03 v2.00 (rcs-revision 1.7)
\pgf@nodesepstart=\dimen139
\pgf@nodesepend=\dimen140
)
(/usr/share/texmf/tex/latex/pgf/compatibility/pgfcomp-version-1-18.sty
Package: pgfcomp-version-1-18 2007/07/23 v2.00 (rcs-revision 1.1)
))
(/usr/share/texmf/tex/latex/pgf/utilities/pgffor.sty
(/usr/share/texmf/tex/generic/pgf/utilities/pgffor.code.tex
Package: pgffor 2007/11/07 v2.00 (rcs-revision 1.8)
\pgffor@iter=\dimen141
\pgffor@skip=\dimen142
))
(/usr/share/texmf/tex/generic/pgf/frontendlayer/tikz/tikz.code.tex
Package: tikz 2008/02/13 v2.00 (rcs-revision 1.27)

(/usr/share/texmf/tex/generic/pgf/libraries/pgflibraryplothandlers.code.tex
File: pgflibraryplothandlers.code.tex 2007/03/09 v2.00 (rcs-revision 1.9)
\pgf@plot@mark@count=\count103
\pgfplotmarksize=\dimen143
)
\tikz@lastx=\dimen144
\tikz@lasty=\dimen145
\tikz@lastxsaved=\dimen146
\tikz@lastysaved=\dimen147
\tikzleveldistance=\dimen148
\tikzsiblingdistance=\dimen149
\tikz@figbox=\box36
\tikz@tempbox=\box37
\tikztreelevel=\count104
\tikznumberofchildren=\count105
\tikznumberofcurrentchild=\count106
\tikz@fig@count=\count107

(/usr/share/texmf/tex/generic/pgf/modules/pgfmodulematrix.code.tex
File: pgfmodulematrix.code.tex 2008/01/15  (rcs-revision 1.1)
\pgfmatrixcurrentrow=\count108
\pgfmatrixcurrentcolumn=\count109
\pgf@matrix@numberofcolumns=\count110
)
\tikz@expandcount=\count111

(/usr/share/texmf/tex/generic/pgf/frontendlayer/tikz/libraries/tikzlibrarytopat
hs.code.tex
File: tikzlibrarytopaths.code.tex 2008/01/09 v2.00 (rcs-revision 1.1)
))) (/usr/share/texmf-texlive/tex/latex/base/ifthen.sty
Package: ifthen 2001/05/26 v1.1c Standard LaTeX ifthen package (DPC)
)
(/usr/share/texmf-texlive/tex/latex/base/fontenc.sty
Package: fontenc 2005/09/27 v1.99g Standard LaTeX package

(/usr/share/texmf-texlive/tex/latex/base/t1enc.def
File: t1enc.def 2005/09/27 v1.99g Standard LaTeX file
LaTeX Font Info:    Redeclaring font encoding T1 on input line 43.
))
(/usr/share/texmf-texlive/tex/latex/nag/nag.sty
Package: nag 2009/07/30 0.62 warning about old commands (ulmi)
\c@nag@c=\count112
\c@nag@sins=\count113
Package nag Info: Loaded nag-l2tabu.cfg  on input line 493.

(/usr/share/texmf-texlive/tex/latex/nag/nag-l2tabu.cfg
File: nag-l2tabu.cfg 2008/01/27 v2.1alpha1 l2tabu rules for nag.sty (ulmi)
)
Package nag Info: Loaded nag-orthodox.cfg  on input line 493.

(/usr/share/texmf-texlive/tex/latex/nag/nag-orthodox.cfg
File: nag-orthodox.cfg 2006/04/19 v1.8 strict rules for nag.sty (ulmi)
))
(/usr/share/texmf/tex/generic/pgf/frontendlayer/tikz/libraries/tikzlibrarydecor
ations.code.tex
(/usr/share/texmf/tex/generic/pgf/modules/pgfmoduledecorations.code.tex
\pgfdecoratedcompleteddistance=\dimen150
\pgfdecoratedremainingdistance=\dimen151
\pgfdecoratedinputsegmentcompleteddistance=\dimen152
\pgfdecoratedinputsegmentremainingdistance=\dimen153
\pgf@decorate@distancetomove=\dimen154
\pgf@decorate@repeatstate=\count114
\pgfdecorationsegmentamplitude=\dimen155
\pgfdecorationsegmentlength=\dimen156
))
(/usr/share/texmf/tex/generic/pgf/frontendlayer/tikz/libraries/tikzlibraryfadin
gs.code.tex
File: tikzlibraryfadings.code.tex 2008/01/09 v2.00 (rcs-revision 1.1)

(/usr/share/texmf/tex/generic/pgf/libraries/pgflibraryfadings.code.tex
File: pgflibraryfadings.code.tex 2008/02/07 v2.00 (rcs-revision 1.3)
))
(/usr/share/texmf/tex/generic/pgf/frontendlayer/tikz/libraries/tikzlibrarysnake
s.code.tex
File: tikzlibrarysnakes.code.tex 2008/02/05 v2.00 (rcs-revision 1.6)


Package tikz Warning: Snakes have been superseded by decorations. Please use th
e decoration libraries instead of the snakes library on input line 14.


(/usr/share/texmf/tex/generic/pgf/frontendlayer/tikz/libraries/tikzlibrarydecor
ations.pathmorphing.code.tex
(/usr/share/texmf/tex/generic/pgf/libraries/pgflibrarydecorations.pathmorphing.
code.tex))
(/usr/share/texmf/tex/generic/pgf/frontendlayer/tikz/libraries/tikzlibrarydecor
ations.pathreplacing.code.tex
(/usr/share/texmf/tex/generic/pgf/libraries/pgflibrarydecorations.pathreplacing
.code.tex))
(/usr/share/texmf/tex/generic/pgf/frontendlayer/tikz/libraries/tikzlibrarydecor
ations.shapes.code.tex
(/usr/share/texmf/tex/generic/pgf/libraries/pgflibrarydecorations.shapes.code.t
ex)))
\baposter@movebody=\skip66
\baposter@swappapersizes=\skip67
\baposter@basemarginright=\skip68
\baposter@basemarginleft=\skip69
 (/usr/share/texmf-texlive/tex/latex/geometry/geometry.sty
Package: geometry 2008/12/21 v4.2 Page Geometry

(/usr/share/texmf-texlive/tex/generic/oberdiek/ifpdf.sty
Package: ifpdf 2009/04/10 v2.0 Provides the ifpdf switch (HO)
Package ifpdf Info: pdfTeX in pdf mode detected.
)
(/usr/share/texmf-texlive/tex/generic/oberdiek/ifvtex.sty
Package: ifvtex 2008/11/04 v1.4 Switches for detecting VTeX and its modes (HO)
Package ifvtex Info: VTeX not detected.
)
\Gm@cnth=\count115
\Gm@cntv=\count116
\c@Gm@tempcnt=\count117
\Gm@bindingoffset=\dimen157
\Gm@wd@mp=\dimen158
\Gm@odd@mp=\dimen159
\Gm@even@mp=\dimen160
\Gm@dimlist=\toks21
)
(/usr/share/texmf/tex/latex/pgf/utilities/pgfpages.sty
Package: pgfpages 2004/11/05 ver 0.01
\pgf@logicalpages=\count118
\pgf@firstshipout=\count119
\pgf@lastshipout=\count120
\pgf@currentshipout=\count121
\pgf@cpn=\count122
\pgf@shipoutnextto=\count123
\pgfphysicalheight=\dimen161
\pgfphysicalwidth=\dimen162
\pgfpages@shipoutbox=\box38
)
\pgfpages@box@1=\box39
)
(/usr/share/texmf-texlive/tex/latex/amsmath/amsmath.sty
Package: amsmath 2000/07/18 v2.13 AMS math features
\@mathmargin=\skip70

For additional information on amsmath, use the `?' option.
(/usr/share/texmf-texlive/tex/latex/amsmath/amstext.sty
Package: amstext 2000/06/29 v2.01

(/usr/share/texmf-texlive/tex/latex/amsmath/amsgen.sty
File: amsgen.sty 1999/11/30 v2.0
\@emptytoks=\toks22
\ex@=\dimen163
))
(/usr/share/texmf-texlive/tex/latex/amsmath/amsbsy.sty
Package: amsbsy 1999/11/29 v1.2d
\pmbraise@=\dimen164
)
(/usr/share/texmf-texlive/tex/latex/amsmath/amsopn.sty
Package: amsopn 1999/12/14 v2.01 operator names
)
\inf@bad=\count124
LaTeX Info: Redefining \frac on input line 211.
\uproot@=\count125
\leftroot@=\count126
LaTeX Info: Redefining \overline on input line 307.
\classnum@=\count127
\DOTSCASE@=\count128
LaTeX Info: Redefining \ldots on input line 379.
LaTeX Info: Redefining \dots on input line 382.
LaTeX Info: Redefining \cdots on input line 467.
\Mathstrutbox@=\box40
\strutbox@=\box41
\big@size=\dimen165
LaTeX Font Info:    Redeclaring font encoding OML on input line 567.
LaTeX Font Info:    Redeclaring font encoding OMS on input line 568.
\macc@depth=\count129
\c@MaxMatrixCols=\count130
\dotsspace@=\muskip10
\c@parentequation=\count131
\dspbrk@lvl=\count132
\tag@help=\toks23
\row@=\count133
\column@=\count134
\maxfields@=\count135
\andhelp@=\toks24
\eqnshift@=\dimen166
\alignsep@=\dimen167
\tagshift@=\dimen168
\tagwidth@=\dimen169
\totwidth@=\dimen170
\lineht@=\dimen171
\@envbody=\toks25
\multlinegap=\skip71
\multlinetaggap=\skip72
\mathdisplay@stack=\toks26
LaTeX Info: Redefining \[ on input line 2666.
LaTeX Info: Redefining \] on input line 2667.
)
(/usr/share/texmf-texlive/tex/latex/amsfonts/amssymb.sty
Package: amssymb 2009/06/22 v3.00

(/usr/share/texmf-texlive/tex/latex/amsfonts/amsfonts.sty
Package: amsfonts 2009/06/22 v3.00 Basic AMSFonts support
\symAMSa=\mathgroup4
\symAMSb=\mathgroup5
LaTeX Font Info:    Overwriting math alphabet `\mathfrak' in version `bold'
(Font)                  U/euf/m/n --> U/euf/b/n on input line 96.
))
(/usr/share/texmf-texlive/tex/latex/ltxmisc/relsize.sty
Package: relsize 2003/07/04 ver 3.1
)
(/usr/share/texmf-texlive/tex/latex/multirow/multirow.sty
\bigstrutjot=\dimen172
)
(/usr/share/texmf-texlive/tex/latex/rotating/rotating.sty
Package: rotating 2009/03/28 v2.16a rotated objects in LaTeX
\c@r@tfl@t=\count136
\rotFPtop=\skip73
\rotFPbot=\skip74
\rot@float@box=\box42
\rot@mess@toks=\toks27
)
(/usr/share/texmf-texlive/tex/latex/tools/bm.sty
Package: bm 2004/02/26 v1.1c Bold Symbol Support (DPC/FMi)
\symboldoperators=\mathgroup6
\symboldletters=\mathgroup7
\symboldsymbols=\mathgroup8
LaTeX Font Info:    Redeclaring math alphabet \mathbf on input line 138.
LaTeX Info: Redefining \bm on input line 204.
)
(/usr/share/texmf-texlive/tex/latex/ltxmisc/url.sty
\Urlmuskip=\muskip11
Package: url 2006/04/12  ver 3.3  Verb mode for urls, etc.
)
(/usr/share/texmf-texlive/tex/latex/tools/multicol.sty
Package: multicol 2008/12/05 v1.6h multicolumn formatting (FMi)
\c@tracingmulticols=\count137
\mult@box=\box43
\multicol@leftmargin=\dimen173
\c@unbalance=\count138
\c@collectmore=\count139
\doublecol@number=\count140
\multicoltolerance=\count141
\multicolpretolerance=\count142
\full@width=\dimen174
\page@free=\dimen175
\premulticols=\dimen176
\postmulticols=\dimen177
\multicolsep=\skip75
\multicolbaselineskip=\skip76
\partial@page=\box44
\last@line=\box45
\mult@rightbox=\box46
\mult@grightbox=\box47
\mult@gfirstbox=\box48
\mult@firstbox=\box49
\@tempa=\box50
\@tempa=\box51
\@tempa=\box52
\@tempa=\box53
\@tempa=\box54
\@tempa=\box55
\@tempa=\box56
\@tempa=\box57
\@tempa=\box58
\@tempa=\box59
\@tempa=\box60
\@tempa=\box61
\@tempa=\box62
\@tempa=\box63
\@tempa=\box64
\@tempa=\box65
\@tempa=\box66
\c@columnbadness=\count143
\c@finalcolumnbadness=\count144
\last@try=\dimen178
\multicolovershoot=\dimen179
\multicolundershoot=\dimen180
\mult@nat@firstbox=\box67
\colbreak@box=\box68
)
(/usr/share/texmf-texlive/tex/latex/psnfss/palatino.sty
Package: palatino 2005/04/12 PSNFSS-v9.2a (SPQR) 
)
(/usr/share/texmf/tex/generic/pgf/frontendlayer/tikz/libraries/tikzlibrarycalc.
code.tex
File: tikzlibrarycalc.code.tex 2008/02/04 v2.00 (rcs-revision 1.5)
)

LaTeX Warning: Unused global option(s):
    [final].

(./poster.aux)
\openout1 = `poster.aux'.

LaTeX Font Info:    Checking defaults for OML/cmm/m/it on input line 65.
LaTeX Font Info:    ... okay on input line 65.
LaTeX Font Info:    Checking defaults for T1/cmr/m/n on input line 65.
LaTeX Font Info:    ... okay on input line 65.
LaTeX Font Info:    Checking defaults for OT1/cmr/m/n on input line 65.
LaTeX Font Info:    ... okay on input line 65.
LaTeX Font Info:    Checking defaults for OMS/cmsy/m/n on input line 65.
LaTeX Font Info:    ... okay on input line 65.
LaTeX Font Info:    Checking defaults for OMX/cmex/m/n on input line 65.
LaTeX Font Info:    ... okay on input line 65.
LaTeX Font Info:    Checking defaults for U/cmr/m/n on input line 65.
LaTeX Font Info:    ... okay on input line 65.
LaTeX Font Info:    Try loading font information for T1+ppl on input line 65.
 (/usr/share/texmf-texlive/tex/latex/psnfss/t1ppl.fd
File: t1ppl.fd 2001/06/04 font definitions for T1/ppl.
)
(/usr/share/texmf-texlive/tex/context/base/supp-pdf.mkii
[Loading MPS to PDF converter (version 2006.09.02).]
\scratchcounter=\count145
\scratchdimen=\dimen181
\scratchbox=\box69
\nofMPsegments=\count146
\nofMParguments=\count147
\everyMPshowfont=\toks28
\MPscratchCnt=\count148
\MPscratchDim=\dimen182
\MPnumerator=\count149
\everyMPtoPDFconversion=\toks29
)
Package nag Info: pgf.sty is broken: disabling dollar check on input line 65.
Package nag Info: Command \frontmatter not defined, skipping amendment on input
 line 65.
Package nag Info: Command \mainmatter not defined, skipping amendment on input 
line 65.
Package nag Info: Command \backmatter not defined, skipping amendment on input 
line 65.
Package nag Info: Command \RaggedLeft not defined, skipping amendment on input 
line 65.
Package nag Info: Command \RaggedRight not defined, skipping amendment on input
 line 65.

*geometry auto-detecting driver*
*geometry detected driver: pdftex*
-------------------- Geometry parameters
paper: user defined
landscape: --
twocolumn: --
twoside: --
asymmetric: --
h-parts: 12.1637pt, 939.8493pt, 12.1637pt
v-parts: 12.1637pt, 657.65125pt, 12.1637pt
hmarginratio: --
vmarginratio: --
lines: --
heightrounded: --
bindingoffset: 0.0pt
truedimen: --
includehead: --
includefoot: --
includemp: --
driver: pdftex
-------------------- Page layout dimensions and switches
\paperwidth  964.1767pt
\paperheight 681.97864pt
\textwidth  939.8493pt
\textheight 657.65125pt
\oddsidemargin  -60.1063pt
\evensidemargin -60.1063pt
\topmargin  -97.1063pt
\headheight 12.0pt
\headsep    25.0pt
\footskip   30.0pt
\marginparwidth 65.0pt
\marginparsep   11.0pt
\columnsep  14.99634pt
\skip\footins  9.0pt plus 4.0pt minus 2.0pt
\hoffset 0.0pt
\voffset 0.0pt
\mag 1000

(1in=72.27pt, 1cm=28.45pt)
-----------------------
Package nag Info: Command \caption@xlabel not defined, skipping amendment on in
put line 65.
Package nag Info: Command \captionabove not defined, skipping amendment on inpu
t line 65.
Package nag Info: Command \captionbelow not defined, skipping amendment on inpu
t line 65.
Package nag Info: Command \hc@caption not defined, skipping amendment on input 
line 65.
Package nag Info: Command \topcaption not defined, skipping amendment on input 
line 65.
\FSZ=\skip77
<images/graph_occluded.pdf, id=20, 174.41159pt x 115.633pt>
File: images/graph_occluded.pdf Graphic file (type pdf)

<use images/graph_occluded.pdf>
<images/logo.pdf, id=21, 597.23125pt x 845.1575pt>
File: images/logo.pdf Graphic file (type pdf)
 <use images/logo.pdf>
LaTeX Font Info:    Font shape `T1/ppl/bx/n' in size <10> not available
(Font)              Font shape `T1/ppl/b/n' tried instead on input line 147.
LaTeX Font Info:    Font shape `T1/ppl/bx/n' in size <24.88> not available
(Font)              Font shape `T1/ppl/b/n' tried instead on input line 147.


Package nag Warning: Command \bf is an old LaTeX 2.09 command. 
(nag)                Use \bfseries or \textbf instead on input line 147.

LaTeX Font Info:    Font shape `T1/ppl/bx/sc' in size <24.88> not available
(Font)              Font shape `T1/ppl/b/sc' tried instead on input line 147.
LaTeX Font Info:    Try loading font information for U+msa on input line 147.
(/usr/share/texmf-texlive/tex/latex/amsfonts/umsa.fd
File: umsa.fd 2009/06/22 v3.00 AMS symbols A
)
LaTeX Font Info:    Try loading font information for U+msb on input line 147.

(/usr/share/texmf-texlive/tex/latex/amsfonts/umsb.fd
File: umsb.fd 2009/06/22 v3.00 AMS symbols B
)
Missing character: There is no ; in font nullfont!
Missing character: There is no ; in font nullfont!


Package nag Warning: Command \bf is an old LaTeX 2.09 command. 
(nag)                Use \bfseries or \textbf instead on input line 178.

LaTeX Font Info:    Font shape `T1/ppl/bx/n' in size <14.4> not available
(Font)              Font shape `T1/ppl/b/n' tried instead on input line 178.
LaTeX Font Info:    Font shape `T1/ppl/bx/sc' in size <14.4> not available
(Font)              Font shape `T1/ppl/b/sc' tried instead on input line 178.
Missing character: There is no ; in font nullfont!
Missing character: There is no ; in font nullfont!
Missing character: There is no ; in font nullfont!

Package nag Warning: Command \bf is an old LaTeX 2.09 command. 
(nag)                Use \bfseries or \textbf instead on input line 195.

Missing character: There is no ; in font nullfont!
<images/red-4-sec_000_rastered.png, id=23, 803.0pt x 702.625pt>
File: images/red-4-sec_000_rastered.png Graphic file (type png)

<use images/red-4-sec_000_rastered.png>
<images/red-4-sec_024_rastered.png, id=25, 803.0pt x 702.625pt>
File: images/red-4-sec_024_rastered.png Graphic file (type png)

<use images/red-4-sec_024_rastered.png>
<images/red-4-sec_048_rastered.png, id=26, 803.0pt x 702.625pt>
File: images/red-4-sec_048_rastered.png Graphic file (type png)

<use images/red-4-sec_048_rastered.png>
<images/red-4-sec_072_rastered.png, id=27, 803.0pt x 702.625pt>
File: images/red-4-sec_072_rastered.png Graphic file (type png)

<use images/red-4-sec_072_rastered.png>
<images/red-4-sec_095_rastered.png, id=28, 803.0pt x 702.625pt>
File: images/red-4-sec_095_rastered.png Graphic file (type png)

<use images/red-4-sec_095_rastered.png>
Underfull \hbox (badness 10000) in alignment at lines 234--234
[][][][][]
 []

<images/giraffe-run-000-rastered.png, id=29, 803.0pt x 481.8pt>
File: images/giraffe-run-000-rastered.png Graphic file (type png)

<use images/giraffe-run-000-rastered.png>
<images/giraffe-run-100-rastered.png, id=30, 803.0pt x 481.8pt>
File: images/giraffe-run-100-rastered.png Graphic file (type png)

<use images/giraffe-run-100-rastered.png>
<images/giraffe-run-200-rastered.png, id=31, 803.0pt x 481.8pt>
File: images/giraffe-run-200-rastered.png Graphic file (type png)

<use images/giraffe-run-200-rastered.png>
<images/giraffe-run-300-rastered.png, id=32, 803.0pt x 481.8pt>
File: images/giraffe-run-300-rastered.png Graphic file (type png)

<use images/giraffe-run-300-rastered.png>
<images/giraffe-run-458-rastered.png, id=33, 803.0pt x 481.8pt>
File: images/giraffe-run-458-rastered.png Graphic file (type png)

<use images/giraffe-run-458-rastered.png>
Underfull \hbox (badness 10000) in alignment at lines 234--234
[][][][][]
 []

Missing character: There is no ; in font nullfont!
Missing character: There is no ; in font nullfont!

Package nag Warning: Command \bf is an old LaTeX 2.09 command. 
(nag)                Use \bfseries or \textbf instead on input line 234.

Missing character: There is no ; in font nullfont!
Missing character: There is no ; in font nullfont!
Missing character: There is no ; in font nullfont!

Package nag Warning: Command \bf is an old LaTeX 2.09 command. 
(nag)                Use \bfseries or \textbf instead on input line 253.

Missing character: There is no ; in font nullfont!
Missing character: There is no ; in font nullfont!
Missing character: There is no ; in font nullfont!

Package nag Warning: Command \bf is an old LaTeX 2.09 command. 
(nag)                Use \bfseries or \textbf instead on input line 267.

Missing character: There is no ; in font nullfont!
LaTeX Font Info:    Try loading font information for T1+pcr on input line 274.
(/usr/share/texmf-texlive/tex/latex/psnfss/t1pcr.fd
File: t1pcr.fd 2001/06/04 font definitions for T1/pcr.
)
Underfull \hbox (badness 10000) in paragraph at lines 274--274
\T1/pcr/m/n/10 http : / / www . cs . unibas . ch / personen /
 []

Missing character: There is no ; in font nullfont!
Missing character: There is no ; in font nullfont!

Package nag Warning: Command \bf is an old LaTeX 2.09 command. 
(nag)                Use \bfseries or \textbf instead on input line 274.

Missing character: There is no ; in font nullfont!
<images/basis-giraffe-example-frame.png, id=34, 481.8pt x 361.35pt>
File: images/basis-giraffe-example-frame.png Graphic file (type png)

<use images/basis-giraffe-example-frame.png>
Underfull \hbox (badness 10000) in paragraph at lines 333--333

 []

<images/basis-giraffe-basis-01.png, id=35, 19.07124pt x 19.07124pt>
File: images/basis-giraffe-basis-01.png Graphic file (type png)

<use images/basis-giraffe-basis-01.png>
<images/basis-giraffe-basis-02.png, id=36, 19.07124pt x 19.07124pt>
File: images/basis-giraffe-basis-02.png Graphic file (type png)

<use images/basis-giraffe-basis-02.png>
<images/basis-giraffe-basis-03.png, id=37, 19.07124pt x 19.07124pt>
File: images/basis-giraffe-basis-03.png Graphic file (type png)

<use images/basis-giraffe-basis-03.png>
<images/basis-giraffe-basis-04.png, id=38, 19.07124pt x 19.07124pt>
File: images/basis-giraffe-basis-04.png Graphic file (type png)

<use images/basis-giraffe-basis-04.png>
<images/basis-giraffe-basis-05.png, id=39, 19.07124pt x 19.07124pt>
File: images/basis-giraffe-basis-05.png Graphic file (type png)

<use images/basis-giraffe-basis-05.png>
<images/basis-giraffe-basis-06.png, id=40, 19.07124pt x 19.07124pt>
File: images/basis-giraffe-basis-06.png Graphic file (type png)

<use images/basis-giraffe-basis-06.png>
<images/basis-giraffe-basis-07.png, id=41, 19.07124pt x 19.07124pt>
File: images/basis-giraffe-basis-07.png Graphic file (type png)

<use images/basis-giraffe-basis-07.png>
<images/basis-giraffe-basis-08.png, id=42, 19.07124pt x 19.07124pt>
File: images/basis-giraffe-basis-08.png Graphic file (type png)

<use images/basis-giraffe-basis-08.png>
<images/basis-giraffe-basis-09.png, id=43, 19.07124pt x 19.07124pt>
File: images/basis-giraffe-basis-09.png Graphic file (type png)

<use images/basis-giraffe-basis-09.png>
<images/basis-giraffe-basis-10.png, id=44, 19.07124pt x 19.07124pt>
File: images/basis-giraffe-basis-10.png Graphic file (type png)

<use images/basis-giraffe-basis-10.png>
<images/basis-giraffe-basis-11.png, id=45, 19.07124pt x 19.07124pt>
File: images/basis-giraffe-basis-11.png Graphic file (type png)

<use images/basis-giraffe-basis-11.png>
<images/basis-giraffe-basis-12.png, id=46, 19.07124pt x 19.07124pt>
File: images/basis-giraffe-basis-12.png Graphic file (type png)

<use images/basis-giraffe-basis-12.png>
<images/basis-giraffe-basis-13.png, id=47, 19.07124pt x 19.07124pt>
File: images/basis-giraffe-basis-13.png Graphic file (type png)

<use images/basis-giraffe-basis-13.png>
<images/basis-giraffe-basis-14.png, id=48, 19.07124pt x 19.07124pt>
File: images/basis-giraffe-basis-14.png Graphic file (type png)

<use images/basis-giraffe-basis-14.png>
<images/basis-giraffe-basis-15.png, id=49, 19.07124pt x 19.07124pt>
File: images/basis-giraffe-basis-15.png Graphic file (type png)

<use images/basis-giraffe-basis-15.png>
<images/basis-giraffe-basis-16.png, id=50, 19.07124pt x 19.07124pt>
File: images/basis-giraffe-basis-16.png Graphic file (type png)

<use images/basis-giraffe-basis-16.png>
Underfull \hbox (badness 10000) in paragraph at lines 333--333

 []

<images/basis-giraffe-response-01.png, id=51, 481.8pt x 361.35pt>
File: images/basis-giraffe-response-01.png Graphic file (type png)

<use images/basis-giraffe-response-01.png>
<images/basis-giraffe-response-02.png, id=52, 481.8pt x 361.35pt>
File: images/basis-giraffe-response-02.png Graphic file (type png)

<use images/basis-giraffe-response-02.png>
<images/basis-giraffe-response-03.png, id=53, 481.8pt x 361.35pt>
File: images/basis-giraffe-response-03.png Graphic file (type png)

<use images/basis-giraffe-response-03.png>
<images/basis-giraffe-response-04.png, id=54, 481.8pt x 361.35pt>
File: images/basis-giraffe-response-04.png Graphic file (type png)

<use images/basis-giraffe-response-04.png>
<images/basis-giraffe-response-05.png, id=55, 481.8pt x 361.35pt>
File: images/basis-giraffe-response-05.png Graphic file (type png)

<use images/basis-giraffe-response-05.png>
<images/basis-giraffe-response-06.png, id=56, 481.8pt x 361.35pt>
File: images/basis-giraffe-response-06.png Graphic file (type png)

<use images/basis-giraffe-response-06.png>
<images/basis-giraffe-response-07.png, id=57, 481.8pt x 361.35pt>
File: images/basis-giraffe-response-07.png Graphic file (type png)

<use images/basis-giraffe-response-07.png>
<images/basis-giraffe-response-08.png, id=58, 481.8pt x 361.35pt>
File: images/basis-giraffe-response-08.png Graphic file (type png)

<use images/basis-giraffe-response-08.png>
<images/basis-giraffe-response-09.png, id=59, 481.8pt x 361.35pt>
File: images/basis-giraffe-response-09.png Graphic file (type png)

<use images/basis-giraffe-response-09.png>
<images/basis-giraffe-response-10.png, id=60, 481.8pt x 361.35pt>
File: images/basis-giraffe-response-10.png Graphic file (type png)

<use images/basis-giraffe-response-10.png>
<images/basis-giraffe-response-11.png, id=61, 481.8pt x 361.35pt>
File: images/basis-giraffe-response-11.png Graphic file (type png)

<use images/basis-giraffe-response-11.png>
<images/basis-giraffe-response-12.png, id=62, 481.8pt x 361.35pt>
File: images/basis-giraffe-response-12.png Graphic file (type png)

<use images/basis-giraffe-response-12.png>
<images/basis-giraffe-response-13.png, id=63, 481.8pt x 361.35pt>
File: images/basis-giraffe-response-13.png Graphic file (type png)

<use images/basis-giraffe-response-13.png>
<images/basis-giraffe-response-14.png, id=64, 481.8pt x 361.35pt>
File: images/basis-giraffe-response-14.png Graphic file (type png)

<use images/basis-giraffe-response-14.png>
<images/basis-giraffe-response-15.png, id=65, 481.8pt x 361.35pt>
File: images/basis-giraffe-response-15.png Graphic file (type png)

<use images/basis-giraffe-response-15.png>
<images/basis-giraffe-response-16.png, id=66, 481.8pt x 361.35pt>
File: images/basis-giraffe-response-16.png Graphic file (type png)

<use images/basis-giraffe-response-16.png>
Underfull \hbox (badness 10000) in paragraph at lines 333--333
[][]
 []


Underfull \hbox (badness 10000) in paragraph at lines 333--333

 []


Overfull \hbox (2.00558pt too wide) in paragraph at lines 333--333
[] 
 []

Missing character: There is no ; in font nullfont!
Missing character: There is no ; in font nullfont!

Package nag Warning: Command \bf is an old LaTeX 2.09 command. 
(nag)                Use \bfseries or \textbf instead on input line 333.

Missing character: There is no ; in font nullfont!
File: images/graph_occluded.pdf Graphic file (type pdf)
<use images/graph_occluded.pdf>
Missing character: There is no ; in font nullfont!
Missing character: There is no ; in font nullfont!


Package nag Warning: Command \bf is an old LaTeX 2.09 command. 
(nag)                Use \bfseries or \textbf instead on input line 347.

Missing character: There is no ; in font nullfont!
<images/candidates_lips_ridge_left_bg.png, id=67, 1083.04625pt x 868.24374pt>
File: images/candidates_lips_ridge_left_bg.png Graphic file (type png)

<use images/candidates_lips_ridge_left_bg.png>
<images/candidates_lips_ridge_left_no_bg.png, id=68, 1083.04625pt x 868.24374pt
>
File: images/candidates_lips_ridge_left_no_bg.png Graphic file (type png)
 <use images/candidates_lips_ridge_left_no_bg.png>
Underfull \hbox (badness 10000) in paragraph at lines 371--371
[]
 []

Missing character: There is no ; in font nullfont!
Missing character: There is no ; in font nullfont!

Package nag Warning: Command \bf is an old LaTeX 2.09 command. 
(nag)                Use \bfseries or \textbf instead on input line 371.

Missing character: There is no ; in font nullfont!

Package nag Warning: Package palatino is obsolete.
(nag)                Use the mathpazo, helvet (option scaled=.95), courier pack
ages instead.

[2

{/var/lib/texmf/fonts/map/pdftex/updmap/pdftex.map} <./images/graph_occluded.pd
f> <./images/logo.pdf> <./images/red-4-sec_000_rastered.png> <./images/red-4-se
c_024_rastered.png> <./images/red-4-sec_048_rastered.png> <./images/red-4-sec_0
72_rastered.png> <./images/red-4-sec_095_rastered.png> <./images/giraffe-run-00
0-rastered.png> <./images/giraffe-run-100-rastered.png> <./images/giraffe-run-2
00-rastered.png> <./images/giraffe-run-300-rastered.png> <./images/giraffe-run-
458-rastered.png> <./images/basis-giraffe-example-frame.png (PNG copy)> <./imag
es/basis-giraffe-basis-01.png (PNG copy)> <./images/basis-giraffe-basis-02.png 
(PNG copy)> <./images/basis-giraffe-basis-03.png (PNG copy)> <./images/basis-gi
raffe-basis-04.png (PNG copy)> <./images/basis-giraffe-basis-05.png (PNG copy)>
 <./images/basis-giraffe-basis-06.png (PNG copy)> <./images/basis-giraffe-basis
-07.png (PNG copy)> <./images/basis-giraffe-basis-08.png (PNG copy)> <./images/
basis-giraffe-basis-09.png (PNG copy)> <./images/basis-giraffe-basis-10.png (PN
G copy)> <./images/basis-giraffe-basis-11.png (PNG copy)> <./images/basis-giraf
fe-basis-12.png (PNG copy)> <./images/basis-giraffe-basis-13.png (PNG copy)> <.
/images/basis-giraffe-basis-14.png (PNG copy)> <./images/basis-giraffe-basis-15
.png (PNG copy)> <./images/basis-giraffe-basis-16.png (PNG copy)> <./images/bas
is-giraffe-response-01.png (PNG copy)> <./images/basis-giraffe-response-02.png 
(PNG copy)> <./images/basis-giraffe-response-03.png (PNG copy)> <./images/basis
-giraffe-response-04.png (PNG copy)> <./images/basis-giraffe-response-05.png (P
NG copy)> <./images/basis-giraffe-response-06.png (PNG copy)> <./images/basis-g
iraffe-response-07.png (PNG copy)> <./images/basis-giraffe-response-08.png (PNG
 copy)> <./images/basis-giraffe-response-09.png (PNG copy)> <./images/basis-gir
affe-response-10.png (PNG copy)> <./images/basis-giraffe-response-11.png (PNG c
opy)> <./images/basis-giraffe-response-12.png (PNG copy)> <./images/basis-giraf
fe-response-13.png (PNG copy)> <./images/basis-giraffe-response-14.png (PNG cop
y)> <./images/basis-giraffe-response-15.png (PNG copy)> <./images/basis-giraffe
-response-16.png (PNG copy)> <./images/candidates_lips_ridge_left_bg.png (PNG c
opy)> <./images/candidates_lips_ridge_left_no_bg.png (PNG copy)>]

Package nag Warning: 11 complaints in total.

(./poster.aux) ) 
Here is how much of TeX's memory you used:
 11725 strings out of 494959
 215201 string characters out of 1178617
 502223 words of memory out of 3000000
 14595 multiletter control sequences out of 15000+50000
 28379 words of font info for 56 fonts, out of 3000000 for 9000
 38 hyphenation exceptions out of 8191
 54i,24n,70p,336b,1305s stack positions out of 5000i,500n,10000p,200000b,50000s
{/usr/share/texmf-texlive/fonts/enc/dvips/base/8r.enc}</usr/sha
re/texmf-texlive/fonts/type1/public/amsfonts/cm/cmr10.pfb></usr/share/texmf-tex
live/fonts/type1/urw/courier/ucrr8a.pfb></usr/share/texmf-texlive/fonts/type1/u
rw/palatino/uplb8a.pfb></usr/share/texmf-texlive/fonts/type1/urw/palatino/uplr8
a.pfb></usr/share/texmf-texlive/fonts/type1/urw/palatino/uplri8a.pfb></usr/shar
e/texmf-texlive/fonts/type1/urw/times/utmr8a.pfb>
Output written on poster.pdf (1 page, 10147913 bytes).
PDF statistics:
 119 PDF objects out of 1000 (max. 8388607)
 0 named destinations out of 1000 (max. 500000)
 350 words of extra memory for PDF output out of 10000 (max. 10000000)

